<?xml version="1.0" encoding="UTF-8"?>
<!-- Generated by org.testng.reporters.JUnitXMLReporter -->
<testsuite hostname="QT-INNO-LT0822" ignored="0" name="Default test" tests="3" failures="0" timestamp="21 Aug 2022 08:04:57 GMT" time="7.359" errors="0">
  <testcase name="Test01_loginPageTitleTest" time="1.091" classname="com.TestClasses.WIKITest"/>
  <testcase name="Test02_verifyTheCountryName" time="2.354" classname="com.TestClasses.WIKITest"/>
  <testcase name="Test03_verifyTheReleaseDate" time="0.065" classname="com.TestClasses.WIKITest"/>
</testsuite> <!-- Default test -->
