<?xml version="1.0" encoding="UTF-8"?>
<!-- Generated by org.testng.reporters.JUnitXMLReporter -->
<testsuite hostname="QT-INNO-LT0822" ignored="0" name="WIKI Test" tests="3" failures="0" timestamp="21 Aug 2022 08:05:24 GMT" time="9.041" errors="0">
  <testcase name="Test01_loginPageTitleTest" time="1.131" classname="com.TestClasses.WIKITest"/>
  <testcase name="Test02_verifyTheCountryName" time="2.228" classname="com.TestClasses.WIKITest"/>
  <testcase name="Test03_verifyTheReleaseDate" time="0.105" classname="com.TestClasses.WIKITest"/>
</testsuite> <!-- WIKI Test -->
